<?xml version="1.0" encoding="UTF-8"?><definitions xmlns="http://www.omg.org/spec/BPMN/20100524/MODEL" xmlns:bpmndi="http://www.omg.org/spec/BPMN/20100524/DI" xmlns:omgdc="http://www.omg.org/spec/DD/20100524/DC" xmlns:omgdi="http://www.omg.org/spec/DD/20100524/DI" xmlns:signavio="http://www.signavio.com" xmlns:xsi="http://www.w3.org/2001/XMLSchema-instance" exporter="Signavio Process Editor, http://www.signavio.com" exporterVersion="6.1.0" expressionLanguage="http://www.w3.org/1999/XPath" id="sid-b04db729-e63d-4158-acfa-35382cee89ad" targetNamespace="http://www.signavio.com/bpmn20" typeLanguage="http://www.w3.org/2001/XMLSchema" xsi:schemaLocation="http://www.omg.org/spec/BPMN/20100524/MODEL http://www.omg.org/spec/BPMN/2.0/20100501/BPMN20.xsd">
   <process id="sid-5a9e1fd7-3629-4e90-878d-71d7ffcab080" isExecutable="false">
      <startEvent id="sid-2AC664C2-9BBA-4E7E-9968-FBFDE74D3AD7" name="start">
         <extensionElements>
            <signavio:signavioMetaData metaKey="bgcolor" metaValue="#ffffff"/>
         </extensionElements>
         <outgoing>sid-E2E3A294-1852-4F7C-BD5E-0D370BA548F2</outgoing>
      </startEvent>
      <serviceTask completionQuantity="1" id="sid-E52D1B8B-5CAC-4FC4-93C4-0754F601C976" implementation="webService" isForCompensation="false" name="Task1" startQuantity="1">
         <extensionElements>
            <signavio:signavioMetaData metaKey="bgcolor" metaValue="#ffffcc"/>
            <signavio:signavioMetaData metaKey="risklevel" metaValue=""/>
            <signavio:signavioMetaData metaKey="externaldocuments" metaValue="[]"/>
         </extensionElements>
         <incoming>sid-E2E3A294-1852-4F7C-BD5E-0D370BA548F2</incoming>
         <outgoing>sid-9713B6FC-3DA1-4EA4-AB29-37B6ED4027FA</outgoing>
      </serviceTask>
      <endEvent id="sid-5AEE3555-845C-4D6F-98E4-52BB9F9138FE" name="end">
         <extensionElements>
            <signavio:signavioMetaData metaKey="bgcolor" metaValue="#ffffff"/>
         </extensionElements>
         <incoming>sid-9713B6FC-3DA1-4EA4-AB29-37B6ED4027FA</incoming>
      </endEvent>
      <boundaryEvent attachedToRef="sid-E52D1B8B-5CAC-4FC4-93C4-0754F601C976" cancelActivity="true" id="sid-A0B04657-DC1F-4E29-AD27-FE4C7EAD6B5C" name="compensationEvent1" parallelMultiple="false">
         <compensateEventDefinition id="sid-33ba4bf1-4473-420c-a26d-f52fc2e3f6ed" waitForCompletion="true"/>
      </boundaryEvent>
      <task completionQuantity="1" id="sid-E6C15B72-DC98-4C35-9F81-98014647525D" isForCompensation="true" name="comp1" startQuantity="1">
         <extensionElements>
            <signavio:signavioMetaData metaKey="bgcolor" metaValue="#ffffcc"/>
            <signavio:signavioMetaData metaKey="risklevel" metaValue=""/>
            <signavio:signavioMetaData metaKey="externaldocuments" metaValue=""/>
         </extensionElements>
      </task>
      <sequenceFlow id="sid-9713B6FC-3DA1-4EA4-AB29-37B6ED4027FA" name="" sourceRef="sid-E52D1B8B-5CAC-4FC4-93C4-0754F601C976" targetRef="sid-5AEE3555-845C-4D6F-98E4-52BB9F9138FE"/>
      <sequenceFlow id="sid-E2E3A294-1852-4F7C-BD5E-0D370BA548F2" name="" sourceRef="sid-2AC664C2-9BBA-4E7E-9968-FBFDE74D3AD7" targetRef="sid-E52D1B8B-5CAC-4FC4-93C4-0754F601C976"/>
      <association associationDirection="One" id="sid-82895316-1DF2-413F-8A86-0BCE8827F9B1" name="association1" sourceRef="sid-A0B04657-DC1F-4E29-AD27-FE4C7EAD6B5C" targetRef="sid-E6C15B72-DC98-4C35-9F81-98014647525D"/>
   </process>
   <bpmndi:BPMNDiagram id="sid-7900a96b-3613-4806-9b6f-ebae9f3f70c1">
      <bpmndi:BPMNPlane bpmnElement="sid-5a9e1fd7-3629-4e90-878d-71d7ffcab080" id="sid-c1ea7822-5462-434b-8b3f-5a5d8a6b6803">
         <bpmndi:BPMNShape bpmnElement="sid-2AC664C2-9BBA-4E7E-9968-FBFDE74D3AD7" id="sid-2AC664C2-9BBA-4E7E-9968-FBFDE74D3AD7_gui">
            <omgdc:Bounds height="30.0" width="30.0" x="195.0" y="130.0"/>
         </bpmndi:BPMNShape>
         <bpmndi:BPMNShape bpmnElement="sid-E52D1B8B-5CAC-4FC4-93C4-0754F601C976" id="sid-E52D1B8B-5CAC-4FC4-93C4-0754F601C976_gui">
            <omgdc:Bounds height="80.0" width="100.0" x="420.0" y="105.0"/>
         </bpmndi:BPMNShape>
         <bpmndi:BPMNShape bpmnElement="sid-5AEE3555-845C-4D6F-98E4-52BB9F9138FE" id="sid-5AEE3555-845C-4D6F-98E4-52BB9F9138FE_gui">
            <omgdc:Bounds height="28.0" width="28.0" x="715.0" y="131.0"/>
         </bpmndi:BPMNShape>
         <bpmndi:BPMNShape bpmnElement="sid-A0B04657-DC1F-4E29-AD27-FE4C7EAD6B5C" id="sid-A0B04657-DC1F-4E29-AD27-FE4C7EAD6B5C_gui">
            <omgdc:Bounds height="30.0" width="30.0" x="464.69696969696815" y="170.0"/>
         </bpmndi:BPMNShape>
         <bpmndi:BPMNShape bpmnElement="sid-E6C15B72-DC98-4C35-9F81-98014647525D" id="sid-E6C15B72-DC98-4C35-9F81-98014647525D_gui">
            <omgdc:Bounds height="80.0" width="100.0" x="555.0" y="255.0"/>
         </bpmndi:BPMNShape>
         <bpmndi:BPMNEdge bpmnElement="sid-82895316-1DF2-413F-8A86-0BCE8827F9B1" id="sid-82895316-1DF2-413F-8A86-0BCE8827F9B1_gui">
            <omgdi:waypoint x="479.0" y="200.0"/>
            <omgdi:waypoint x="479.69696969696815" y="295.0"/>
            <omgdi:waypoint x="555.0" y="295.0"/>
         </bpmndi:BPMNEdge>
         <bpmndi:BPMNEdge bpmnElement="sid-9713B6FC-3DA1-4EA4-AB29-37B6ED4027FA" id="sid-9713B6FC-3DA1-4EA4-AB29-37B6ED4027FA_gui">
            <omgdi:waypoint x="520.0" y="145.0"/>
            <omgdi:waypoint x="715.0" y="145.0"/>
         </bpmndi:BPMNEdge>
         <bpmndi:BPMNEdge bpmnElement="sid-E2E3A294-1852-4F7C-BD5E-0D370BA548F2" id="sid-E2E3A294-1852-4F7C-BD5E-0D370BA548F2_gui">
            <omgdi:waypoint x="225.0" y="145.0"/>
            <omgdi:waypoint x="420.0" y="145.0"/>
         </bpmndi:BPMNEdge>
      </bpmndi:BPMNPlane>
   </bpmndi:BPMNDiagram>
</definitions>
